<?xml version="1.0" encoding="UTF-8"?>
<testng-results skipped="0" failed="0" ignored="0" total="1" passed="1">
  <reporter-output>
  </reporter-output>
  <suite name="Command line suite" duration-ms="75" started-at="2020-08-03T23:27:41Z" finished-at="2020-08-03T23:27:41Z">
    <groups>
    </groups>
    <test name="Command line test" duration-ms="75" started-at="2020-08-03T23:27:41Z" finished-at="2020-08-03T23:27:41Z">
      <class name="com.wbl.TryRestAssured.AppTest">
        <test-method status="PASS" signature="testApp()" name="testApp" duration-ms="29" started-at="2020-08-03T23:27:41Z" finished-at="2020-08-03T23:27:41Z">
          <reporter-output>
          </reporter-output>
        </test-method> <!-- testApp -->
      </class> <!-- com.wbl.TryRestAssured.AppTest -->
    </test> <!-- Command line test -->
  </suite> <!-- Command line suite -->
</testng-results>
