<?xml version="1.0" encoding="UTF-8"?>
<testng-results skipped="0" failed="0" ignored="0" total="1" passed="1">
  <reporter-output>
  </reporter-output>
  <suite name="Command line suite" duration-ms="2175" started-at="2020-08-03T23:27:39Z" finished-at="2020-08-03T23:27:41Z">
    <groups>
    </groups>
    <test name="Command line test" duration-ms="2175" started-at="2020-08-03T23:27:39Z" finished-at="2020-08-03T23:27:41Z">
      <class name="TestRest.TestSpecification">
        <test-method status="PASS" signature="gettingLine()[pri:0, instance:TestRest.TestSpecification@1324409e]" name="gettingLine" duration-ms="2140" started-at="2020-08-03T23:27:39Z" finished-at="2020-08-03T23:27:41Z">
          <reporter-output>
          </reporter-output>
        </test-method> <!-- gettingLine -->
      </class> <!-- TestRest.TestSpecification -->
    </test> <!-- Command line test -->
  </suite> <!-- Command line suite -->
</testng-results>
