<?xml version="1.0" encoding="UTF-8"?>
<testng-results skipped="0" failed="0" ignored="0" total="0" passed="0">
  <reporter-output>
  </reporter-output>
  <suite name="com.wbl.TryRestAssured.AppTest" duration-ms="7" started-at="2020-06-17T23:45:51Z" finished-at="2020-06-17T23:45:51Z">
    <groups>
    </groups>
    <test name="Command line test" duration-ms="7" started-at="2020-06-17T23:45:51Z" finished-at="2020-06-17T23:45:51Z">
    </test> <!-- Command line test -->
  </suite> <!-- com.wbl.TryRestAssured.AppTest -->
</testng-results>
