<?xml version="1.0" encoding="UTF-8"?>
<testng-results skipped="0" failed="0" ignored="0" total="1" passed="1">
  <reporter-output>
  </reporter-output>
  <suite name="Default suite" duration-ms="30087" started-at="2020-08-28T22:10:04Z" finished-at="2020-08-28T22:10:34Z">
    <groups>
    </groups>
    <test name="Default test" duration-ms="30087" started-at="2020-08-28T22:10:04Z" finished-at="2020-08-28T22:10:34Z">
      <class name="TestRest.sessionfilter">
        <test-method status="PASS" signature="sessionRecooding()[pri:0, instance:TestRest.sessionfilter@5622fdf]" name="sessionRecooding" duration-ms="29886" started-at="2020-08-28T22:10:04Z" finished-at="2020-08-28T22:10:34Z">
          <reporter-output>
          </reporter-output>
        </test-method> <!-- sessionRecooding -->
      </class> <!-- TestRest.sessionfilter -->
    </test> <!-- Default test -->
  </suite> <!-- Default suite -->
</testng-results>
